{"C:\\Users\\muega\\Documents\\Testing\\src\\app.js": {"path":"C:\\Users\\muega\\Documents\\Testing\\src\\app.js","statementMap":{"0":{"start":{"line":1,"column":0},"end":{"line":1,"column":26}},"1":{"start":{"line":2,"column":16},"end":{"line":2,"column":34}},"2":{"start":{"line":4,"column":12},"end":{"line":4,"column":21}},"3":{"start":{"line":5,"column":0},"end":{"line":5,"column":23}},"4":{"start":{"line":8,"column":0},"end":{"line":8,"column":42}},"5":{"start":{"line":12,"column":0},"end":{"line":14,"column":2}},"6":{"start":{"line":13,"column":4},"end":{"line":13,"column":64}},"7":{"start":{"line":16,"column":0},"end":{"line":16,"column":20}}},"fnMap":{"0":{"name":"(anonymous_0)","decl":{"start":{"line":12,"column":8},"end":{"line":12,"column":9}},"loc":{"start":{"line":12,"column":33},"end":{"line":14,"column":1}},"line":12}},"branchMap":{"0":{"loc":{"start":{"line":13,"column":15},"end":{"line":13,"column":32}},"type":"binary-expr","locations":[{"start":{"line":13,"column":15},"end":{"line":13,"column":25}},{"start":{"line":13,"column":29},"end":{"line":13,"column":32}}],"line":13}},"s":{"0":1,"1":1,"2":1,"3":1,"4":1,"5":1,"6":0,"7":1},"f":{"0":0},"b":{"0":[0,0]},"_coverageSchema":"1a1c01bbd47fc00a2c39e90264f33305004495a9","hash":"0ba4a2b6141365c718a7e59e71be4f9c1ebb1c79"}
,"C:\\Users\\muega\\Documents\\Testing\\src\\controllers\\authController.js": {"path":"C:\\Users\\muega\\Documents\\Testing\\src\\controllers\\authController.js","statementMap":{"0":{"start":{"line":1,"column":13},"end":{"line":1,"column":38}},"1":{"start":{"line":2,"column":57},"end":{"line":2,"column":81}},"2":{"start":{"line":4,"column":17},"end":{"line":29,"column":1}},"3":{"start":{"line":5,"column":4},"end":{"line":28,"column":5}},"4":{"start":{"line":6,"column":42},"end":{"line":6,"column":50}},"5":{"start":{"line":8,"column":8},"end":{"line":10,"column":9}},"6":{"start":{"line":9,"column":12},"end":{"line":9,"column":79}},"7":{"start":{"line":12,"column":29},"end":{"line":12,"column":58}},"8":{"start":{"line":13,"column":8},"end":{"line":15,"column":9}},"9":{"start":{"line":14,"column":12},"end":{"line":14,"column":76}},"10":{"start":{"line":17,"column":31},"end":{"line":17,"column":59}},"11":{"start":{"line":18,"column":21},"end":{"line":18,"column":81}},"12":{"start":{"line":19,"column":22},"end":{"line":19,"column":41}},"13":{"start":{"line":21,"column":8},"end":{"line":25,"column":10}},"14":{"start":{"line":27,"column":8},"end":{"line":27,"column":54}},"15":{"start":{"line":31,"column":14},"end":{"line":58,"column":1}},"16":{"start":{"line":32,"column":4},"end":{"line":57,"column":5}},"17":{"start":{"line":33,"column":36},"end":{"line":33,"column":44}},"18":{"start":{"line":35,"column":8},"end":{"line":37,"column":9}},"19":{"start":{"line":36,"column":12},"end":{"line":36,"column":79}},"20":{"start":{"line":39,"column":21},"end":{"line":39,"column":50}},"21":{"start":{"line":40,"column":8},"end":{"line":42,"column":9}},"22":{"start":{"line":41,"column":12},"end":{"line":41,"column":75}},"23":{"start":{"line":44,"column":24},"end":{"line":44,"column":70}},"24":{"start":{"line":45,"column":8},"end":{"line":47,"column":9}},"25":{"start":{"line":46,"column":12},"end":{"line":46,"column":75}},"26":{"start":{"line":49,"column":22},"end":{"line":49,"column":41}},"27":{"start":{"line":50,"column":8},"end":{"line":54,"column":10}},"28":{"start":{"line":56,"column":8},"end":{"line":56,"column":54}},"29":{"start":{"line":60,"column":0},"end":{"line":60,"column":36}}},"fnMap":{"0":{"name":"(anonymous_0)","decl":{"start":{"line":4,"column":17},"end":{"line":4,"column":18}},"loc":{"start":{"line":4,"column":37},"end":{"line":29,"column":1}},"line":4},"1":{"name":"(anonymous_1)","decl":{"start":{"line":31,"column":14},"end":{"line":31,"column":15}},"loc":{"start":{"line":31,"column":34},"end":{"line":58,"column":1}},"line":31}},"branchMap":{"0":{"loc":{"start":{"line":8,"column":8},"end":{"line":10,"column":9}},"type":"if","locations":[{"start":{"line":8,"column":8},"end":{"line":10,"column":9}},{"start":{},"end":{}}],"line":8},"1":{"loc":{"start":{"line":8,"column":12},"end":{"line":8,"column":40}},"type":"binary-expr","locations":[{"start":{"line":8,"column":12},"end":{"line":8,"column":17}},{"start":{"line":8,"column":21},"end":{"line":8,"column":27}},{"start":{"line":8,"column":31},"end":{"line":8,"column":40}}],"line":8},"2":{"loc":{"start":{"line":13,"column":8},"end":{"line":15,"column":9}},"type":"if","locations":[{"start":{"line":13,"column":8},"end":{"line":15,"column":9}},{"start":{},"end":{}}],"line":13},"3":{"loc":{"start":{"line":35,"column":8},"end":{"line":37,"column":9}},"type":"if","locations":[{"start":{"line":35,"column":8},"end":{"line":37,"column":9}},{"start":{},"end":{}}],"line":35},"4":{"loc":{"start":{"line":35,"column":12},"end":{"line":35,"column":31}},"type":"binary-expr","locations":[{"start":{"line":35,"column":12},"end":{"line":35,"column":18}},{"start":{"line":35,"column":22},"end":{"line":35,"column":31}}],"line":35},"5":{"loc":{"start":{"line":40,"column":8},"end":{"line":42,"column":9}},"type":"if","locations":[{"start":{"line":40,"column":8},"end":{"line":42,"column":9}},{"start":{},"end":{}}],"line":40},"6":{"loc":{"start":{"line":45,"column":8},"end":{"line":47,"column":9}},"type":"if","locations":[{"start":{"line":45,"column":8},"end":{"line":47,"column":9}},{"start":{},"end":{}}],"line":45}},"s":{"0":1,"1":1,"2":1,"3":4,"4":4,"5":4,"6":0,"7":4,"8":4,"9":1,"10":3,"11":3,"12":3,"13":3,"14":0,"15":1,"16":3,"17":3,"18":3,"19":1,"20":2,"21":2,"22":0,"23":2,"24":2,"25":1,"26":1,"27":1,"28":0,"29":1},"f":{"0":4,"1":3},"b":{"0":[0,4],"1":[4,4,4],"2":[1,3],"3":[1,2],"4":[3,3],"5":[0,2],"6":[1,1]},"_coverageSchema":"1a1c01bbd47fc00a2c39e90264f33305004495a9","hash":"aabbe3d5ecd1303357f4f1384093e0b75b22e390"}
,"C:\\Users\\muega\\Documents\\Testing\\src\\models\\User.js": {"path":"C:\\Users\\muega\\Documents\\Testing\\src\\models\\User.js","statementMap":{"0":{"start":{"line":1,"column":17},"end":{"line":1,"column":36}},"1":{"start":{"line":3,"column":19},"end":{"line":8,"column":24}},"2":{"start":{"line":10,"column":0},"end":{"line":10,"column":51}}},"fnMap":{},"branchMap":{},"s":{"0":1,"1":1,"2":1},"f":{},"b":{},"_coverageSchema":"1a1c01bbd47fc00a2c39e90264f33305004495a9","hash":"ec36c3e2365fd2fd28799b901493c22820926167"}
,"C:\\Users\\muega\\Documents\\Testing\\src\\routes\\auth.js": {"path":"C:\\Users\\muega\\Documents\\Testing\\src\\routes\\auth.js","statementMap":{"0":{"start":{"line":1,"column":16},"end":{"line":1,"column":34}},"1":{"start":{"line":2,"column":15},"end":{"line":2,"column":31}},"2":{"start":{"line":3,"column":28},"end":{"line":3,"column":68}},"3":{"start":{"line":5,"column":0},"end":{"line":5,"column":34}},"4":{"start":{"line":6,"column":0},"end":{"line":6,"column":28}},"5":{"start":{"line":8,"column":0},"end":{"line":8,"column":23}}},"fnMap":{},"branchMap":{},"s":{"0":1,"1":1,"2":1,"3":1,"4":1,"5":1},"f":{},"b":{},"_coverageSchema":"1a1c01bbd47fc00a2c39e90264f33305004495a9","hash":"71c7dcd78bb09c077fa04b3ee574f6f27dbf22bb"}
,"C:\\Users\\muega\\Documents\\Testing\\src\\utils\\auth.js": {"path":"C:\\Users\\muega\\Documents\\Testing\\src\\utils\\auth.js","statementMap":{"0":{"start":{"line":1,"column":15},"end":{"line":1,"column":34}},"1":{"start":{"line":2,"column":12},"end":{"line":2,"column":35}},"2":{"start":{"line":4,"column":21},"end":{"line":7,"column":1}},"3":{"start":{"line":5,"column":17},"end":{"line":5,"column":41}},"4":{"start":{"line":6,"column":4},"end":{"line":6,"column":38}},"5":{"start":{"line":9,"column":24},"end":{"line":11,"column":1}},"6":{"start":{"line":10,"column":4},"end":{"line":10,"column":52}},"7":{"start":{"line":13,"column":22},"end":{"line":19,"column":1}},"8":{"start":{"line":14,"column":4},"end":{"line":18,"column":5}},"9":{"start":{"line":21,"column":20},"end":{"line":23,"column":1}},"10":{"start":{"line":22,"column":4},"end":{"line":22,"column":68}},"11":{"start":{"line":25,"column":0},"end":{"line":25,"column":78}}},"fnMap":{"0":{"name":"(anonymous_0)","decl":{"start":{"line":4,"column":21},"end":{"line":4,"column":22}},"loc":{"start":{"line":4,"column":41},"end":{"line":7,"column":1}},"line":4},"1":{"name":"(anonymous_1)","decl":{"start":{"line":9,"column":24},"end":{"line":9,"column":25}},"loc":{"start":{"line":9,"column":60},"end":{"line":11,"column":1}},"line":9},"2":{"name":"(anonymous_2)","decl":{"start":{"line":13,"column":22},"end":{"line":13,"column":23}},"loc":{"start":{"line":13,"column":32},"end":{"line":19,"column":1}},"line":13},"3":{"name":"(anonymous_3)","decl":{"start":{"line":21,"column":20},"end":{"line":21,"column":21}},"loc":{"start":{"line":21,"column":31},"end":{"line":23,"column":1}},"line":21}},"branchMap":{"0":{"loc":{"start":{"line":16,"column":8},"end":{"line":16,"column":46}},"type":"binary-expr","locations":[{"start":{"line":16,"column":8},"end":{"line":16,"column":30}},{"start":{"line":16,"column":34},"end":{"line":16,"column":46}}],"line":16},"1":{"loc":{"start":{"line":22,"column":29},"end":{"line":22,"column":67}},"type":"binary-expr","locations":[{"start":{"line":22,"column":29},"end":{"line":22,"column":51}},{"start":{"line":22,"column":55},"end":{"line":22,"column":67}}],"line":22}},"s":{"0":2,"1":2,"2":2,"3":11,"4":11,"5":2,"6":4,"7":2,"8":8,"9":2,"10":4,"11":2},"f":{"0":11,"1":4,"2":8,"3":4},"b":{"0":[8,8],"1":[4,4]},"_coverageSchema":"1a1c01bbd47fc00a2c39e90264f33305004495a9","hash":"3784c35f1359bdf8ea4f6fb684ad82d138af2512"}
}
