TN:
SF:src\app.js
FN:12,(anonymous_0)
FNF:1
FNH:0
FNDA:0,(anonymous_0)
DA:1,1
DA:2,1
DA:4,1
DA:5,1
DA:8,1
DA:12,1
DA:13,0
DA:16,1
LF:8
LH:7
BRDA:13,0,0,0
BRDA:13,0,1,0
BRF:2
BRH:0
end_of_record
TN:
SF:src\controllers\authController.js
FN:4,(anonymous_0)
FN:31,(anonymous_1)
FNF:2
FNH:2
FNDA:4,(anonymous_0)
FNDA:3,(anonymous_1)
DA:1,1
DA:2,1
DA:4,1
DA:5,4
DA:6,4
DA:8,4
DA:9,0
DA:12,4
DA:13,4
DA:14,1
DA:17,3
DA:18,3
DA:19,3
DA:21,3
DA:27,0
DA:31,1
DA:32,3
DA:33,3
DA:35,3
DA:36,1
DA:39,2
DA:40,2
DA:41,0
DA:44,2
DA:45,2
DA:46,1
DA:49,1
DA:50,1
DA:56,0
DA:60,1
LF:30
LH:26
BRDA:8,0,0,0
BRDA:8,0,1,4
BRDA:8,1,0,4
BRDA:8,1,1,4
BRDA:8,1,2,4
BRDA:13,2,0,1
BRDA:13,2,1,3
BRDA:35,3,0,1
BRDA:35,3,1,2
BRDA:35,4,0,3
BRDA:35,4,1,3
BRDA:40,5,0,0
BRDA:40,5,1,2
BRDA:45,6,0,1
BRDA:45,6,1,1
BRF:15
BRH:13
end_of_record
TN:
SF:src\models\User.js
FNF:0
FNH:0
DA:1,1
DA:3,1
DA:10,1
LF:3
LH:3
BRF:0
BRH:0
end_of_record
TN:
SF:src\routes\auth.js
FNF:0
FNH:0
DA:1,1
DA:2,1
DA:3,1
DA:5,1
DA:6,1
DA:8,1
LF:6
LH:6
BRF:0
BRH:0
end_of_record
TN:
SF:src\utils\auth.js
FN:4,(anonymous_0)
FN:9,(anonymous_1)
FN:13,(anonymous_2)
FN:21,(anonymous_3)
FNF:4
FNH:4
FNDA:11,(anonymous_0)
FNDA:4,(anonymous_1)
FNDA:8,(anonymous_2)
FNDA:4,(anonymous_3)
DA:1,2
DA:2,2
DA:4,2
DA:5,11
DA:6,11
DA:9,2
DA:10,4
DA:13,2
DA:14,8
DA:21,2
DA:22,4
DA:25,2
LF:12
LH:12
BRDA:16,0,0,8
BRDA:16,0,1,8
BRDA:22,1,0,4
BRDA:22,1,1,4
BRF:4
BRH:4
end_of_record
